  1.000000e-02   2.316418e+02
  5.000000e-01   2.297824e+02
  1.000000e+00   2.321114e+02
  1.500000e+00   2.408593e+02
  2.000000e+00   2.742340e+02
  2.500000e+00   4.043604e+02
  3.000000e+00   9.200939e+02
  3.500000e+00   2.990840e+03
  4.000000e+00   1.142200e+04
  4.500000e+00   4.676341e+04
  5.000000e+00   2.139207e+05
  5.500000e+00   1.033409e+06
  6.000000e+00   2.165449e+06
  6.500000e+00   2.683594e+06
  7.000000e+00   2.929423e+06
  7.500000e+00   3.074271e+06
  8.000000e+00   3.207193e+06
  8.500000e+00   3.297156e+06
  9.000000e+00   3.375835e+06
  9.500000e+00   3.420573e+06
  1.000000e+01   3.474694e+06
  1.050000e+01   3.507591e+06
  1.100000e+01   3.531019e+06
  1.150000e+01   3.544728e+06
  1.200000e+01   3.573675e+06
  1.250000e+01   3.598992e+06
  1.300000e+01   3.599510e+06
  1.350000e+01   3.625313e+06
  1.400000e+01   3.640986e+06
  1.450000e+01   3.634772e+06
  1.500000e+01   3.663505e+06
  1.550000e+01   3.666250e+06
  1.600000e+01   3.693984e+06
  1.650000e+01   3.696322e+06
  1.700000e+01   3.696183e+06
  1.750000e+01   3.695187e+06
  1.800000e+01   3.712791e+06
  1.850000e+01   3.713461e+06
  1.900000e+01   3.710301e+06
  1.950000e+01   3.727115e+06
  2.000000e+01   3.727838e+06
  2.050000e+01   3.741856e+06
  2.100000e+01   3.741081e+06
  2.150000e+01   3.746603e+06
  2.200000e+01   3.736846e+06
  2.250000e+01   3.755364e+06
  2.300000e+01   3.762431e+06
  2.350000e+01   3.767918e+06
  2.400000e+01   3.757119e+06
  2.450000e+01   3.764625e+06
  2.500000e+01   3.760193e+06
  2.550000e+01   3.752800e+06
  2.600000e+01   3.765047e+06
  2.650000e+01   3.773430e+06
  2.700000e+01   3.765775e+06
  2.750000e+01   3.782017e+06
  2.800000e+01   3.785581e+06
  2.850000e+01   3.790542e+06
  2.900000e+01   3.781737e+06
  2.950000e+01   3.789772e+06
  3.000000e+01   3.768379e+06
  3.050000e+01   3.781737e+06
  3.100000e+01   3.773456e+06
  3.150000e+01   3.784046e+06
  3.200000e+01   3.774211e+06
  3.250000e+01   3.779584e+06
  3.300000e+01   3.793164e+06
  3.350000e+01   3.778555e+06
  3.400000e+01   3.780596e+06
  3.450000e+01   3.787808e+06
  3.500000e+01   3.795189e+06
  3.550000e+01   3.783189e+06
  3.600000e+01   3.790026e+06
  3.650000e+01   3.787051e+06
  3.700000e+01   3.787462e+06
  3.750000e+01   3.774729e+06
  3.800000e+01   3.799209e+06
  3.850000e+01   3.798422e+06
  3.900000e+01   3.808335e+06
  3.950000e+01   3.798406e+06
  4.000000e+01   3.793839e+06
  4.050000e+01   3.792301e+06
  4.100000e+01   3.800677e+06
  4.150000e+01   3.792262e+06
  4.200000e+01   3.787444e+06
  4.250000e+01   3.810815e+06
  4.300000e+01   3.803977e+06
  4.350000e+01   3.800709e+06
